<?xml version="1.0" encoding="UTF-8"?>
<!-- Generated by org.testng.reporters.JUnitReportReporter -->
<testsuite hostname="WKWZTZEXhlyjsuc" failures="0" tests="1" name="concatenation.concat" time="0.008" errors="0" timestamp="2022-11-29T23:50:35 IST" skipped="0">
  <testcase classname="concatenation.concat" name="Demo" time="0.008"/>
  <system-out/>
</testsuite> <!-- concatenation.concat -->
